[23:24:28] [ServerMain/INFO]: Environment: Environment[sessionHost=https://sessionserver.mojang.com, servicesHost=https://api.minecraftservices.com, name=PROD]
[23:24:31] [ServerMain/INFO]: Loaded 1290 recipes
[23:24:31] [ServerMain/INFO]: Loaded 1399 advancements
[23:24:32] [Server thread/INFO]: Starting minecraft server version 1.21.1
[23:24:32] [Server thread/INFO]: Loading properties
[23:24:32] [Server thread/INFO]: Default game type: SURVIVAL
[23:24:32] [Server thread/INFO]: Generating keypair
[23:24:32] [Server thread/INFO]: Starting Minecraft server on *:25565
[23:24:32] [Server thread/INFO]: Using epoll channel type
[23:24:32] [Server thread/WARN]: **** SERVER IS RUNNING IN OFFLINE/INSECURE MODE!
[23:24:32] [Server thread/WARN]: The server will make no attempt to authenticate usernames. Beware.
[23:24:32] [Server thread/WARN]: While this makes the game possible to play without internet access, it also opens up the ability for hackers to connect with any username they choose.
[23:24:32] [Server thread/WARN]: To change this, set "online-mode" to "true" in the server.properties file.
[23:24:32] [Server thread/INFO]: Preparing level "world"
[23:24:35] [Server thread/INFO]: Preparing start region for dimension minecraft:overworld
[23:24:36] [Worker-Main-2/INFO]: Preparing spawn area: 0%
[23:24:36] [Worker-Main-1/INFO]: Preparing spawn area: 51%
[23:24:37] [Worker-Main-1/INFO]: Preparing spawn area: 51%
[23:24:37] [Worker-Main-1/INFO]: Preparing spawn area: 51%
[23:24:37] [Worker-Main-3/INFO]: Preparing spawn area: 51%
[23:24:38] [Worker-Main-1/INFO]: Preparing spawn area: 51%
[23:24:39] [Worker-Main-3/INFO]: Preparing spawn area: 51%
[23:24:39] [Worker-Main-1/INFO]: Preparing spawn area: 51%
[23:24:40] [Worker-Main-1/INFO]: Preparing spawn area: 51%
[23:24:40] [Worker-Main-1/INFO]: Preparing spawn area: 51%
[23:24:41] [Worker-Main-2/INFO]: Preparing spawn area: 51%
[23:24:41] [Worker-Main-2/INFO]: Preparing spawn area: 51%
[23:24:41] [Worker-Main-2/INFO]: Preparing spawn area: 51%
[23:24:42] [Worker-Main-2/INFO]: Preparing spawn area: 51%
[23:24:42] [Worker-Main-1/INFO]: Preparing spawn area: 51%
[23:24:43] [Worker-Main-2/INFO]: Preparing spawn area: 51%
[23:24:43] [Worker-Main-2/INFO]: Preparing spawn area: 51%
[23:24:44] [Server thread/INFO]: Time elapsed: 8476 ms
[23:24:44] [Server thread/INFO]: Done (11.811s)! For help, type "help"
